
> dynamic-client@0.0.0 start
> ng serve --port 4200 --host 0.0.0.0


Warning: This is a simple server for use in testing or debugging Angular applications
locally. It hasn't been reviewed for security issues.

Binding this server to an open connection can result in compromising your application or
computer. Using a different host than the one passed to the "--host" flag might result in
websocket connection issues.

â¯ Building...
âœ” Building...
Initial chunk files | Names         |  Raw size
main.js             | main          | 109.85 kB |
styles.css          | styles        |  13.15 kB |

                    | Initial total | 123.00 kB

Application bundle generation complete. [2.886 seconds] - 2026-02-05T16:43:10.030Z

Watch mode enabled. Watching for file changes...
NOTE: Raw file sizes do not reflect development server per-request transformations.
  âœ  Local:   http://localhost:4200/
  âœ  Network: http://192.168.0.2:4200/
â¯ Changes detected. Rebuilding...
âœ” Changes detected. Rebuilding...
Initial chunk files | Names | Raw size
main.js             | main  | 64.38 kB |

Application bundle generation complete. [0.582 seconds] - 2026-02-05T16:46:35.165Z

Component update sent to client(s).
â¯ Changes detected. Rebuilding...
âœ” Changes detected. Rebuilding...
Initial chunk files | Names | Raw size
main.js             | main  | 64.42 kB |

Application bundle generation complete. [0.197 seconds] - 2026-02-05T16:47:40.529Z

Page reload sent to client(s).
â¯ Changes detected. Rebuilding...
âœ” Changes detected. Rebuilding...
Initial chunk files | Names | Raw size
main.js             | main  | 64.49 kB |

Application bundle generation complete. [0.209 seconds] - 2026-02-05T16:48:33.645Z

Page reload sent to client(s).
â¯ Changes detected. Rebuilding...
âœ” Changes detected. Rebuilding...
Initial chunk files | Names | Raw size
main.js             | main  | 64.55 kB |

Application bundle generation complete. [0.172 seconds] - 2026-02-05T16:49:50.140Z

Page reload sent to client(s).
â¯ Changes detected. Rebuilding...
âœ” Changes detected. Rebuilding...
Initial chunk files | Names | Raw size
main.js             | main  | 64.63 kB |

Application bundle generation complete. [0.238 seconds] - 2026-02-05T16:49:56.450Z

Page reload sent to client(s).
â¯ Changes detected. Rebuilding...
âœ” Changes detected. Rebuilding...
Initial chunk files | Names | Raw size
main.js             | main  | 64.47 kB |

Application bundle generation complete. [0.299 seconds] - 2026-02-05T16:50:59.492Z

Page reload sent to client(s).
â¯ Changes detected. Rebuilding...
âœ” Changes detected. Rebuilding...
Initial chunk files | Names  | Raw size
styles.css          | styles | 15.76 kB |

Application bundle generation complete. [0.025 seconds] - 2026-02-05T16:53:09.141Z

Stylesheet update sent to client(s).
â¯ Changes detected. Rebuilding...
âœ” Changes detected. Rebuilding...
Initial chunk files | Names | Raw size
main.js             | main  | 64.69 kB |

Application bundle generation complete. [2.381 seconds] - 2026-02-08T14:02:21.939Z

Page reload sent to client(s).
â¯ Changes detected. Rebuilding...
âœ” Changes detected. Rebuilding...
Initial chunk files | Names  | Raw size
styles.css          | styles | 16.54 kB |

Application bundle generation complete. [0.064 seconds] - 2026-02-08T14:02:58.302Z

Stylesheet update sent to client(s).
â¯ Changes detected. Rebuilding...
âœ” Changes detected. Rebuilding...
Initial chunk files | Names | Raw size
main.js             | main  | 67.93 kB |

Application bundle generation complete. [0.980 seconds] - 2026-02-08T14:03:09.290Z

Component update sent to client(s).
â¯ Changes detected. Rebuilding...
âœ” Changes detected. Rebuilding...
Initial chunk files | Names | Raw size
main.js             | main  | 67.93 kB |

Application bundle generation complete. [0.634 seconds] - 2026-02-08T14:03:16.116Z

Page reload sent to client(s).
â¯ Changes detected. Rebuilding...
âœ” Changes detected. Rebuilding...
Initial chunk files | Names | Raw size
main.js             | main  | 67.99 kB |

Application bundle generation complete. [0.355 seconds] - 2026-02-08T14:03:24.609Z

Component update sent to client(s).
â¯ Changes detected. Rebuilding...
âœ” Changes detected. Rebuilding...
Initial chunk files | Names | Raw size
main.js             | main  | 66.75 kB |

Application bundle generation complete. [0.622 seconds] - 2026-02-08T14:03:31.334Z

Component update sent to client(s).
â¯ Changes detected. Rebuilding...
âœ” Changes detected. Rebuilding...
Application bundle generation failed. [0.448 seconds] - 2026-02-08T14:04:11.524Z

[31mâœ˜ [41;31m[[41;97mERROR[41;31m][0m [1mNG8001: 'app-notification' is not a known element:
1. If 'app-notification' is an Angular component, then verify that it is included in the '@Component.imports' of this component.
2. If 'app-notification' is a Web Component then add 'CUSTOM_ELEMENTS_SCHEMA' to the '@Component.schemas' of this component to suppress this message.[0m [1m[35m[plugin angular-compiler][0m

    src/app/app.html:0:0:
[37m      0 â”‚ [32m[37m
        â•µ [32m^[0m

  Error occurs in the template of component App.

    src/app/app.ts:7:15:
[37m      7 â”‚   templateUrl: [32m'./app.html'[37m,
        â•µ                [32m~~~~~~~~~~~~[0m


[31mâœ˜ [41;31m[[41;97mERROR[41;31m][0m [1mTS2307: Cannot find module '@angular/animations' or its corresponding type declarations.[0m [1m[35m[plugin angular-compiler][0m

    src/app/core/components/notification/notification.ts:4:52:
[37m      4 â”‚ ...{ trigger, transition, style, animate } from [32m'@angular/animations'[37m;
        â•µ                                                 [32m~~~~~~~~~~~~~~~~~~~~~[0m


â¯ Changes detected. Rebuilding...
âœ” Changes detected. Rebuilding...
Application bundle generation failed. [0.207 seconds] - 2026-02-08T14:04:15.889Z

[31mâœ˜ [41;31m[[41;97mERROR[41;31m][0m [1mTS2307: Cannot find module '@angular/animations' or its corresponding type declarations.[0m [1m[35m[plugin angular-compiler][0m

    src/app/core/components/notification/notification.ts:4:52:
[37m      4 â”‚ ...{ trigger, transition, style, animate } from [32m'@angular/animations'[37m;
        â•µ                                                 [32m~~~~~~~~~~~~~~~~~~~~~[0m


â¯ Changes detected. Rebuilding...
âœ” Changes detected. Rebuilding...
Application bundle generation failed. [0.048 seconds] - 2026-02-08T14:04:20.618Z

[31mâœ˜ [41;31m[[41;97mERROR[41;31m][0m [1mTS2307: Cannot find module '@angular/animations' or its corresponding type declarations.[0m [1m[35m[plugin angular-compiler][0m

    src/app/core/components/notification/notification.ts:4:52:
[37m      4 â”‚ ...{ trigger, transition, style, animate } from [32m'@angular/animations'[37m;
        â•µ                                                 [32m~~~~~~~~~~~~~~~~~~~~~[0m


â¯ Changes detected. Rebuilding...
âœ” Changes detected. Rebuilding...
Application bundle generation failed. [0.825 seconds] - 2026-02-08T14:04:32.047Z

[31mâœ˜ [41;31m[[41;97mERROR[41;31m][0m [1mTS2307: Cannot find module '../../core/services/notification' or its corresponding type declarations.[0m [1m[35m[plugin angular-compiler][0m

    src/app/core/components/notification/notification.ts:3:36:
[37m      3 â”‚ ...rt { NotificationService } from [32m'../../core/services/notification'[37m;
        â•µ                                    [32m~~~~~~~~~~~~~~~~~~~~~~~~~~~~~~~~~~[0m


[31mâœ˜ [41;31m[[41;97mERROR[41;31m][0m [1mTS2307: Cannot find module '@angular/animations' or its corresponding type declarations.[0m [1m[35m[plugin angular-compiler][0m

    src/app/core/components/notification/notification.ts:4:52:
[37m      4 â”‚ ...{ trigger, transition, style, animate } from [32m'@angular/animations'[37m;
        â•µ                                                 [32m~~~~~~~~~~~~~~~~~~~~~[0m


[31mâœ˜ [41;31m[[41;97mERROR[41;31m][0m [1mNG2003: No suitable injection token for parameter 'notificationService' of class 'NotificationComponent'.
  Consider using the @Inject decorator to specify an injection token.[0m [1m[35m[plugin angular-compiler][0m

    src/app/core/components/notification/notification.ts:34:22:
[37m      34 â”‚   constructor(private [32mnotificationService[37m: NotificationService) {}
         â•µ                       [32m~~~~~~~~~~~~~~~~~~~[0m

  This type does not have a value, so it cannot be used as injection token.

    src/app/core/components/notification/notification.ts:34:43:
[37m      34 â”‚   constructor(private notificationService: [32mNotificationService[37m) {}
         â•µ                                            [32m~~~~~~~~~~~~~~~~~~~[0m


[31mâœ˜ [41;31m[[41;97mERROR[41;31m][0m [1mTS7006: Parameter 'n' implicitly has an 'any' type.[0m [1m[35m[plugin angular-compiler][0m

    src/app/core/components/notification/notification.ts:37:54:
[37m      37 â”‚     this.notificationService.notifications$.subscribe([32mn[37m => {
         â•µ                                                       [32m^[0m


â¯ Changes detected. Rebuilding...
âœ” Changes detected. Rebuilding...
Application bundle generation failed. [0.274 seconds] - 2026-02-08T14:04:35.707Z

[31mâœ˜ [41;31m[[41;97mERROR[41;31m][0m [1mTS2307: Cannot find module '../../core/services/notification' or its corresponding type declarations.[0m [1m[35m[plugin angular-compiler][0m

    src/app/core/components/notification/notification.ts:3:36:
[37m      3 â”‚ ...rt { NotificationService } from [32m'../../core/services/notification'[37m;
        â•µ                                    [32m~~~~~~~~~~~~~~~~~~~~~~~~~~~~~~~~~~[0m


[31mâœ˜ [41;31m[[41;97mERROR[41;31m][0m [1mTS2307: Cannot find module '@angular/animations' or its corresponding type declarations.[0m [1m[35m[plugin angular-compiler][0m

    src/app/core/components/notification/notification.ts:4:52:
[37m      4 â”‚ ...{ trigger, transition, style, animate } from [32m'@angular/animations'[37m;
        â•µ                                                 [32m~~~~~~~~~~~~~~~~~~~~~[0m


[31mâœ˜ [41;31m[[41;97mERROR[41;31m][0m [1mNG2003: No suitable injection token for parameter 'notificationService' of class 'NotificationComponent'.
  Consider using the @Inject decorator to specify an injection token.[0m [1m[35m[plugin angular-compiler][0m

    src/app/core/components/notification/notification.ts:34:22:
[37m      34 â”‚   constructor(private [32mnotificationService[37m: NotificationService) {}
         â•µ                       [32m~~~~~~~~~~~~~~~~~~~[0m

  This type does not have a value, so it cannot be used as injection token.

    src/app/core/components/notification/notification.ts:34:43:
[37m      34 â”‚   constructor(private notificationService: [32mNotificationService[37m) {}
         â•µ                                            [32m~~~~~~~~~~~~~~~~~~~[0m


[31mâœ˜ [41;31m[[41;97mERROR[41;31m][0m [1mTS7006: Parameter 'n' implicitly has an 'any' type.[0m [1m[35m[plugin angular-compiler][0m

    src/app/core/components/notification/notification.ts:37:54:
[37m      37 â”‚     this.notificationService.notifications$.subscribe([32mn[37m => {
         â•µ                                                       [32m^[0m


â¯ Changes detected. Rebuilding...
âœ” Changes detected. Rebuilding...
Application bundle generation failed. [0.045 seconds] - 2026-02-08T14:04:55.571Z

[31mâœ˜ [41;31m[[41;97mERROR[41;31m][0m [1mTS2307: Cannot find module '../../core/services/notification' or its corresponding type declarations.[0m [1m[35m[plugin angular-compiler][0m

    src/app/core/components/notification/notification.ts:3:36:
[37m      3 â”‚ ...rt { NotificationService } from [32m'../../core/services/notification'[37m;
        â•µ                                    [32m~~~~~~~~~~~~~~~~~~~~~~~~~~~~~~~~~~[0m


[31mâœ˜ [41;31m[[41;97mERROR[41;31m][0m [1mTS2307: Cannot find module '@angular/animations' or its corresponding type declarations.[0m [1m[35m[plugin angular-compiler][0m

    src/app/core/components/notification/notification.ts:4:52:
[37m      4 â”‚ ...{ trigger, transition, style, animate } from [32m'@angular/animations'[37m;
        â•µ                                                 [32m~~~~~~~~~~~~~~~~~~~~~[0m


[31mâœ˜ [41;31m[[41;97mERROR[41;31m][0m [1mNG2003: No suitable injection token for parameter 'notificationService' of class 'NotificationComponent'.
  Consider using the @Inject decorator to specify an injection token.[0m [1m[35m[plugin angular-compiler][0m

    src/app/core/components/notification/notification.ts:34:22:
[37m      34 â”‚   constructor(private [32mnotificationService[37m: NotificationService) {}
         â•µ                       [32m~~~~~~~~~~~~~~~~~~~[0m

  This type does not have a value, so it cannot be used as injection token.

    src/app/core/components/notification/notification.ts:34:43:
[37m      34 â”‚   constructor(private notificationService: [32mNotificationService[37m) {}
         â•µ                                            [32m~~~~~~~~~~~~~~~~~~~[0m


[31mâœ˜ [41;31m[[41;97mERROR[41;31m][0m [1mTS7006: Parameter 'n' implicitly has an 'any' type.[0m [1m[35m[plugin angular-compiler][0m

    src/app/core/components/notification/notification.ts:37:54:
[37m      37 â”‚     this.notificationService.notifications$.subscribe([32mn[37m => {
         â•µ                                                       [32m^[0m


â¯ Changes detected. Rebuilding...
âœ” Changes detected. Rebuilding...
Initial chunk files | Names         | Raw size
main.js             | main          | 73.40 kB |
styles.css          | styles        | 18.02 kB |

                    | Initial total | 91.41 kB

Application bundle generation complete. [0.845 seconds] - 2026-02-08T14:08:33.994Z

Page reload sent to client(s).
â¯ Changes detected. Rebuilding...
âœ” Changes detected. Rebuilding...
Initial chunk files | Names | Raw size
main.js             | main  | 73.31 kB |

Application bundle generation complete. [0.416 seconds] - 2026-02-08T14:11:02.250Z

Page reload sent to client(s).
â¯ Changes detected. Rebuilding...
âœ” Changes detected. Rebuilding...
Initial chunk files | Names | Raw size
main.js             | main  | 74.11 kB |

Application bundle generation complete. [0.381 seconds] - 2026-02-08T14:11:09.995Z

Component update sent to client(s).
